2020-04-06 11:16:39.563 INFO [main] [com.stepdefinition.laptop.Laptop_TC] [user_click_on_laptop] [com.stepdefinition.laptop.Laptop_TC.user_click_on_laptop(Laptop_TC.java:27)] - Demoblaze site launches
2020-04-06 11:16:41.294 INFO [main] [com.stepdefinition.laptop.Laptop_TC] [user_click_on_laptop] [com.stepdefinition.laptop.Laptop_TC.user_click_on_laptop(Laptop_TC.java:32)] - Click on laptop
2020-04-06 11:16:46.387 INFO [main] [com.stepdefinition.laptop.Laptop_TC] [user_click_on_desired_laptop] [com.stepdefinition.laptop.Laptop_TC.user_click_on_desired_laptop(Laptop_TC.java:40)] - Select laptop
2020-04-06 11:16:50.394 INFO [main] [com.stepdefinition.laptop.Laptop_TC] [user_click_on_add_to_cart] [com.stepdefinition.laptop.Laptop_TC.user_click_on_add_to_cart(Laptop_TC.java:47)] - Add product to cart
2020-04-06 11:16:55.566 WARN [main] [com.stepdefinition.laptop.Laptop_TC] [handle_window_alert] [com.stepdefinition.laptop.Laptop_TC.handle_window_alert(Laptop_TC.java:54)] - Window alert
2020-04-06 11:18:33.839 INFO [main] [com.stepdefinition.login.Login_TC] [user_launches_demoblaze_website] [com.stepdefinition.login.Login_TC.user_launches_demoblaze_website(Login_TC.java:26)] - DemoBlaze is launched
2020-04-06 11:18:41.004 INFO [main] [com.stepdefinition.login.Login_TC] [user_enter_and_and_click_on_login] [com.stepdefinition.login.Login_TC.user_enter_and_and_click_on_login(Login_TC.java:43)] - Processing login with valid credentials
2020-04-06 11:18:57.842 INFO [main] [com.stepdefinition.phone.Phone_TC] [user_click_on_phone] [com.stepdefinition.phone.Phone_TC.user_click_on_phone(Phone_TC.java:30)] - Demoblaze site launches
2020-04-06 11:18:59.715 INFO [main] [com.stepdefinition.phone.Phone_TC] [user_click_on_phone] [com.stepdefinition.phone.Phone_TC.user_click_on_phone(Phone_TC.java:36)] - Click on mobile
2020-04-06 11:19:05.036 INFO [main] [com.stepdefinition.phone.Phone_TC] [user_click_on_the_desired_mobile_phone] [com.stepdefinition.phone.Phone_TC.user_click_on_the_desired_mobile_phone(Phone_TC.java:43)] - Select a mobie
2020-04-06 11:19:11.134 INFO [main] [com.stepdefinition.phone.Phone_TC] [user_click_o_add_to_cart] [com.stepdefinition.phone.Phone_TC.user_click_o_add_to_cart(Phone_TC.java:50)] - Add product to cart
2020-04-06 11:19:16.396 WARN [main] [com.stepdefinition.phone.Phone_TC] [handle_window_alert] [com.stepdefinition.phone.Phone_TC.handle_window_alert(Phone_TC.java:57)] - Window alert
2020-04-06 11:19:31.493 INFO [main] [com.stepdefinition.laptop.Laptop_TC] [user_click_on_laptop] [com.stepdefinition.laptop.Laptop_TC.user_click_on_laptop(Laptop_TC.java:27)] - Demoblaze site launches
2020-04-06 11:19:33.486 INFO [main] [com.stepdefinition.laptop.Laptop_TC] [user_click_on_laptop] [com.stepdefinition.laptop.Laptop_TC.user_click_on_laptop(Laptop_TC.java:32)] - Click on laptop
2020-04-06 11:19:38.734 INFO [main] [com.stepdefinition.laptop.Laptop_TC] [user_click_on_desired_laptop] [com.stepdefinition.laptop.Laptop_TC.user_click_on_desired_laptop(Laptop_TC.java:40)] - Select laptop
2020-04-06 11:19:42.607 INFO [main] [com.stepdefinition.laptop.Laptop_TC] [user_click_on_add_to_cart] [com.stepdefinition.laptop.Laptop_TC.user_click_on_add_to_cart(Laptop_TC.java:47)] - Add product to cart
2020-04-06 11:19:47.823 WARN [main] [com.stepdefinition.laptop.Laptop_TC] [handle_window_alert] [com.stepdefinition.laptop.Laptop_TC.handle_window_alert(Laptop_TC.java:54)] - Window alert
2020-04-06 11:20:02.491 INFO [main] [com.stepdefinition.monitor.Monitor_TC] [user_click_on_monitor] [com.stepdefinition.monitor.Monitor_TC.user_click_on_monitor(Monitor_TC.java:29)] - Demoblaze site launches
2020-04-06 11:20:04.197 INFO [main] [com.stepdefinition.monitor.Monitor_TC] [user_click_on_monitor] [com.stepdefinition.monitor.Monitor_TC.user_click_on_monitor(Monitor_TC.java:34)] - Click on monitor
2020-04-06 11:20:07.303 INFO [main] [com.stepdefinition.monitor.Monitor_TC] [user_click_on_dersired_monitor] [com.stepdefinition.monitor.Monitor_TC.user_click_on_dersired_monitor(Monitor_TC.java:41)] - Slect a monitor
2020-04-06 11:20:13.159 INFO [main] [com.stepdefinition.monitor.Monitor_TC] [user_click_on_add_to_cart] [com.stepdefinition.monitor.Monitor_TC.user_click_on_add_to_cart(Monitor_TC.java:48)] - Add monitor to cart
2020-04-06 11:20:18.378 WARN [main] [com.stepdefinition.monitor.Monitor_TC] [handle_window_alert] [com.stepdefinition.monitor.Monitor_TC.handle_window_alert(Monitor_TC.java:55)] - Window Alert
2020-04-06 11:20:33.213 INFO [main] [com.stepdefinition.purchase.Purchase_TC] [user_click_on_desired_product] [com.stepdefinition.purchase.Purchase_TC.user_click_on_desired_product(Purchase_TC.java:29)] - Demoblaze site launches
2020-04-06 11:20:40.268 INFO [main] [com.stepdefinition.purchase.Purchase_TC] [user_click_on_desired_product] [com.stepdefinition.purchase.Purchase_TC.user_click_on_desired_product(Purchase_TC.java:36)] - Select a product
2020-04-06 11:20:44.252 INFO [main] [com.stepdefinition.purchase.Purchase_TC] [user_click_on_add_to_cart] [com.stepdefinition.purchase.Purchase_TC.user_click_on_add_to_cart(Purchase_TC.java:45)] - add product to cart
2020-04-06 11:20:49.476 DEBUG [main] [com.stepdefinition.purchase.Purchase_TC] [handle_window_alert] [com.stepdefinition.purchase.Purchase_TC.handle_window_alert(Purchase_TC.java:53)] - Window Alert
2020-04-06 11:20:55.964 INFO [main] [com.stepdefinition.purchase.Purchase_TC] [click_on_place_order] [com.stepdefinition.purchase.Purchase_TC.click_on_place_order(Purchase_TC.java:66)] - Order product
2020-04-06 11:21:03.454 INFO [main] [com.stepdefinition.purchase.Purchase_TC] [click_on_purchase] [com.stepdefinition.purchase.Purchase_TC.click_on_purchase(Purchase_TC.java:86)] - Purchase product
2020-04-06 11:21:17.358 INFO [main] [com.stepdefinition.login.Login_TC] [user_clicks_on_signup_button] [com.stepdefinition.signup.SignUp_TC.user_clicks_on_signup_button(SignUp_TC.java:31)] - Demoblaze site launches
2020-04-06 11:21:22.502 INFO [main] [com.stepdefinition.login.Login_TC] [click_on_signup] [com.stepdefinition.signup.SignUp_TC.click_on_signup(SignUp_TC.java:50)] - Signup
2020-04-06 11:21:27.582 WARN [main] [com.stepdefinition.login.Login_TC] [click_on_signup] [com.stepdefinition.signup.SignUp_TC.click_on_signup(SignUp_TC.java:53)] - Window Alert
2020-04-06 11:33:48.085 INFO [main] [com.stepdefinition.login.Login_TC] [user_launches_demoblaze_website] [com.stepdefinition.login.Login_TC.user_launches_demoblaze_website(Login_TC.java:26)] - DemoBlaze is launched
2020-04-06 11:33:57.815 INFO [main] [com.stepdefinition.login.Login_TC] [user_enter_and_and_click_on_login] [com.stepdefinition.login.Login_TC.user_enter_and_and_click_on_login(Login_TC.java:43)] - Processing login with valid credentials
2020-04-06 11:34:14.521 INFO [main] [com.stepdefinition.phone.Phone_TC] [user_click_on_phone] [com.stepdefinition.phone.Phone_TC.user_click_on_phone(Phone_TC.java:30)] - Demoblaze site launches
2020-04-06 11:34:15.909 INFO [main] [com.stepdefinition.phone.Phone_TC] [user_click_on_phone] [com.stepdefinition.phone.Phone_TC.user_click_on_phone(Phone_TC.java:36)] - Click on mobile
2020-04-06 11:34:20.986 INFO [main] [com.stepdefinition.phone.Phone_TC] [user_click_on_the_desired_mobile_phone] [com.stepdefinition.phone.Phone_TC.user_click_on_the_desired_mobile_phone(Phone_TC.java:43)] - Select a mobie
2020-04-06 11:34:26.762 INFO [main] [com.stepdefinition.phone.Phone_TC] [user_click_o_add_to_cart] [com.stepdefinition.phone.Phone_TC.user_click_o_add_to_cart(Phone_TC.java:50)] - Add product to cart
2020-04-06 11:34:31.874 WARN [main] [com.stepdefinition.phone.Phone_TC] [handle_window_alert] [com.stepdefinition.phone.Phone_TC.handle_window_alert(Phone_TC.java:57)] - Window alert
2020-04-06 11:34:46.136 INFO [main] [com.stepdefinition.laptop.Laptop_TC] [user_click_on_laptop] [com.stepdefinition.laptop.Laptop_TC.user_click_on_laptop(Laptop_TC.java:27)] - Demoblaze site launches
2020-04-06 11:34:47.806 INFO [main] [com.stepdefinition.laptop.Laptop_TC] [user_click_on_laptop] [com.stepdefinition.laptop.Laptop_TC.user_click_on_laptop(Laptop_TC.java:32)] - Click on laptop
2020-04-06 13:12:13.689 INFO [main] [com.stepdefinition.login.Login_TC] [user_launches_demoblaze_website] [com.stepdefinition.login.Login_TC.user_launches_demoblaze_website(Login_TC.java:26)] - DemoBlaze is launched
2020-04-06 13:12:21.607 INFO [main] [com.stepdefinition.login.Login_TC] [user_enter_and_and_click_on_login] [com.stepdefinition.login.Login_TC.user_enter_and_and_click_on_login(Login_TC.java:43)] - Processing login with valid credentials
2020-04-06 13:12:37.411 INFO [main] [com.stepdefinition.phone.Phone_TC] [user_click_on_phone] [com.stepdefinition.phone.Phone_TC.user_click_on_phone(Phone_TC.java:30)] - Demoblaze site launches
2020-04-06 13:12:39.090 INFO [main] [com.stepdefinition.phone.Phone_TC] [user_click_on_phone] [com.stepdefinition.phone.Phone_TC.user_click_on_phone(Phone_TC.java:36)] - Click on mobile
2020-04-06 13:12:44.179 INFO [main] [com.stepdefinition.phone.Phone_TC] [user_click_on_the_desired_mobile_phone] [com.stepdefinition.phone.Phone_TC.user_click_on_the_desired_mobile_phone(Phone_TC.java:43)] - Select a mobie
2020-04-06 13:12:49.946 INFO [main] [com.stepdefinition.phone.Phone_TC] [user_click_o_add_to_cart] [com.stepdefinition.phone.Phone_TC.user_click_o_add_to_cart(Phone_TC.java:50)] - Add product to cart
2020-04-06 13:12:55.127 WARN [main] [com.stepdefinition.phone.Phone_TC] [handle_window_alert] [com.stepdefinition.phone.Phone_TC.handle_window_alert(Phone_TC.java:57)] - Window alert
2020-04-06 13:13:09.258 INFO [main] [com.stepdefinition.laptop.Laptop_TC] [user_click_on_laptop] [com.stepdefinition.laptop.Laptop_TC.user_click_on_laptop(Laptop_TC.java:27)] - Demoblaze site launches
2020-04-06 13:13:10.835 INFO [main] [com.stepdefinition.laptop.Laptop_TC] [user_click_on_laptop] [com.stepdefinition.laptop.Laptop_TC.user_click_on_laptop(Laptop_TC.java:32)] - Click on laptop
2020-04-06 13:13:15.902 INFO [main] [com.stepdefinition.laptop.Laptop_TC] [user_click_on_desired_laptop] [com.stepdefinition.laptop.Laptop_TC.user_click_on_desired_laptop(Laptop_TC.java:40)] - Select laptop
2020-04-06 13:13:19.635 INFO [main] [com.stepdefinition.laptop.Laptop_TC] [user_click_on_add_to_cart] [com.stepdefinition.laptop.Laptop_TC.user_click_on_add_to_cart(Laptop_TC.java:47)] - Add product to cart
2020-04-06 13:13:24.752 WARN [main] [com.stepdefinition.laptop.Laptop_TC] [handle_window_alert] [com.stepdefinition.laptop.Laptop_TC.handle_window_alert(Laptop_TC.java:54)] - Window alert
2020-04-06 13:13:38.899 INFO [main] [com.stepdefinition.monitor.Monitor_TC] [user_click_on_monitor] [com.stepdefinition.monitor.Monitor_TC.user_click_on_monitor(Monitor_TC.java:29)] - Demoblaze site launches
2020-04-06 13:13:40.526 INFO [main] [com.stepdefinition.monitor.Monitor_TC] [user_click_on_monitor] [com.stepdefinition.monitor.Monitor_TC.user_click_on_monitor(Monitor_TC.java:34)] - Click on monitor
2020-04-06 13:13:43.623 INFO [main] [com.stepdefinition.monitor.Monitor_TC] [user_click_on_dersired_monitor] [com.stepdefinition.monitor.Monitor_TC.user_click_on_dersired_monitor(Monitor_TC.java:41)] - Slect a monitor
2020-04-06 13:13:49.390 INFO [main] [com.stepdefinition.monitor.Monitor_TC] [user_click_on_add_to_cart] [com.stepdefinition.monitor.Monitor_TC.user_click_on_add_to_cart(Monitor_TC.java:48)] - Add monitor to cart
2020-04-06 13:13:54.509 WARN [main] [com.stepdefinition.monitor.Monitor_TC] [handle_window_alert] [com.stepdefinition.monitor.Monitor_TC.handle_window_alert(Monitor_TC.java:55)] - Window Alert
2020-04-06 13:14:08.760 INFO [main] [com.stepdefinition.purchase.Purchase_TC] [user_click_on_desired_product] [com.stepdefinition.purchase.Purchase_TC.user_click_on_desired_product(Purchase_TC.java:29)] - Demoblaze site launches
2020-04-06 13:14:15.941 INFO [main] [com.stepdefinition.purchase.Purchase_TC] [user_click_on_desired_product] [com.stepdefinition.purchase.Purchase_TC.user_click_on_desired_product(Purchase_TC.java:36)] - Select a product
2020-04-06 13:14:19.715 INFO [main] [com.stepdefinition.purchase.Purchase_TC] [user_click_on_add_to_cart] [com.stepdefinition.purchase.Purchase_TC.user_click_on_add_to_cart(Purchase_TC.java:45)] - add product to cart
2020-04-06 13:14:24.822 DEBUG [main] [com.stepdefinition.purchase.Purchase_TC] [handle_window_alert] [com.stepdefinition.purchase.Purchase_TC.handle_window_alert(Purchase_TC.java:53)] - Window Alert
2020-04-06 13:14:31.025 INFO [main] [com.stepdefinition.purchase.Purchase_TC] [click_on_place_order] [com.stepdefinition.purchase.Purchase_TC.click_on_place_order(Purchase_TC.java:66)] - Order product
2020-04-06 13:14:37.553 INFO [main] [com.stepdefinition.purchase.Purchase_TC] [click_on_purchase] [com.stepdefinition.purchase.Purchase_TC.click_on_purchase(Purchase_TC.java:86)] - Purchase product
2020-04-06 13:14:55.368 INFO [main] [com.stepdefinition.login.Login_TC] [user_clicks_on_signup_button] [com.stepdefinition.signup.SignUp_TC.user_clicks_on_signup_button(SignUp_TC.java:31)] - Demoblaze site launches
2020-04-06 13:15:00.559 INFO [main] [com.stepdefinition.login.Login_TC] [click_on_signup] [com.stepdefinition.signup.SignUp_TC.click_on_signup(SignUp_TC.java:50)] - Signup
2020-04-06 13:15:05.634 WARN [main] [com.stepdefinition.login.Login_TC] [click_on_signup] [com.stepdefinition.signup.SignUp_TC.click_on_signup(SignUp_TC.java:53)] - Window Alert
